[Message:   BepInEx] BepInEx 5.4.23.3 - VenusBloodVALKYRIE (2025/6/25 8:42:47)
[Info   :   BepInEx] Running under Unity v2022.3.37.3410856
[Info   :   BepInEx] CLR runtime version: 4.0.30319.42000
[Info   :   BepInEx] Supports SRE: True
[Info   :   BepInEx] System platform: Bits64, Windows
[Message:   BepInEx] Preloader started
[Info   :   BepInEx] Loaded 1 patcher method from [BepInEx.Preloader 5.4.23.3]
[Info   :   BepInEx] 1 patcher plugin loaded
[Info   :   BepInEx] Patching [UnityEngine.CoreModule] with [BepInEx.Chainloader]
[Message:   BepInEx] Preloader finished
[Message:   BepInEx] Chainloader ready
[Message:   BepInEx] Chainloader started
[Info   :   BepInEx] 2 plugins to load
[Info   :   BepInEx] Loading [XUnity Auto Translator 5.4.5]
[Info   :XUnity.AutoTranslator] Version of TextMesh Pro: 1.4.0.
[Info   :XUnity.AutoTranslator] Attempting to load TextMesh Pro font from asset bundle.
[Info   :XUnity.AutoTranslator] Loaded TextMesh Pro font uses version: 1.1.0
[Warning:XUnity.AutoTranslator] TextMesh Pro version mismatch. Font asset version: 1.1.0, TextMesh Pro version: 1.4.0
[Info   :XUnity.AutoTranslator] Loaded fallback font for TextMesh Pro: arialuni_sdf_u2022
[Info   :XUnity.AutoTranslator] Loaded XUnity.AutoTranslator into Unity [2022.3.37f1] game.
[Info   :   BepInEx] Loading [XUnity Resource Redirector 2.1.0]
[Message:   BepInEx] Chainloader startup complete
[Info   :XUnity.AutoTranslator] Skipping plugin scan because no plugin-specific translations has been registered.
[Info   :     Trace] Expression added to cache: chkModeDeus()
[Info   :     Trace] Expression retrieved from cache: chkModeDeus()
[Info   :     Trace] Expression added to cache: Set('nowChapter',0)
[Info   :     Trace] Expression retrieved from cache: Set('nowChapter',0)
[Info   :     Trace] Cache entry released: chkModeDeus()
[Info   :     Trace] Cache entry released: Set('nowChapter',0)
[Info   :     Trace] Expression added to cache: UniqueCondition('')
[Info   :     Trace] Expression retrieved from cache: UniqueCondition('')
[Info   :     Trace] Expression added to cache: PlusProgress(1)
[Info   :     Trace] Expression retrieved from cache: PlusProgress(1)
